-------------------------------------------------------------------------------
Test set: test.java.ai.iamneo.testing.Testing_Selenium_TestNg.AppTest
-------------------------------------------------------------------------------
Tests run: 2, Failures: 2, Errors: 0, Skipped: 0, Time elapsed: 9.936 s <<< FAILURE! - in test.java.ai.iamneo.testing.Testing_Selenium_TestNg.AppTest
testcase_1(test.java.ai.iamneo.testing.Testing_Selenium_TestNg.AppTest)  Time elapsed: 4.273 s  <<< FAILURE!
org.openqa.selenium.WebDriverException: 
unknown error: session deleted because of page crash
from tab crashed
  (Session info: chrome=114.0.5735.133)
Build info: version: '3.141.59', revision: 'e82be7d358', time: '2018-11-14T08:17:03'
System info: host: 'dbddcbfeedecbccfaabacdbefbaaebdcffff-0', ip: '10.80.3.53', os.name: 'Linux', os.arch: 'amd64', os.version: '5.15.89+', java.version: '11.0.18'
Driver info: org.openqa.selenium.remote.RemoteWebDriver
Capabilities {acceptInsecureCerts: false, browserName: chrome, browserVersion: 114.0.5735.133, chrome: {chromedriverVersion: 114.0.5735.90 (386bc09e8f4f..., userDataDir: /tmp/.com.google.Chrome.1tPNJ9}, goog:chromeOptions: {debuggerAddress: localhost:33079}, javascriptEnabled: true, networkConnectionEnabled: false, pageLoadStrategy: normal, platform: LINUX, platformName: LINUX, proxy: Proxy(), se:bidiEnabled: false, se:cdp: ws://10.80.3.53:4444/sessio..., se:cdpVersion: 114.0.5735.133, se:vnc: ws://10.80.3.53:4444/sessio..., se:vncEnabled: true, se:vncLocalAddress: ws://10.80.3.53:7900, setWindowRect: true, strictFileInteractability: false, timeouts: {implicit: 0, pageLoad: 300000, script: 30000}, unhandledPromptBehavior: dismiss and notify, webauthn:extension:credBlob: true, webauthn:extension:largeBlob: true, webauthn:extension:minPinLength: true, webauthn:extension:prf: true, webauthn:virtualAuthenticators: true}
Session ID: 9d406abd7da8c7b7cb9e499e17d7c257
	at test.java.ai.iamneo.testing.Testing_Selenium_TestNg.AppTest.testcase_1(AppTest.java:27)

testcase_2(test.java.ai.iamneo.testing.Testing_Selenium_TestNg.AppTest)  Time elapsed: 0.091 s  <<< FAILURE!
org.openqa.selenium.NoSuchSessionException: 
invalid session id
Build info: version: '3.141.59', revision: 'e82be7d358', time: '2018-11-14T08:17:03'
System info: host: 'dbddcbfeedecbccfaabacdbefbaaebdcffff-0', ip: '10.80.3.53', os.name: 'Linux', os.arch: 'amd64', os.version: '5.15.89+', java.version: '11.0.18'
Driver info: org.openqa.selenium.remote.RemoteWebDriver
Capabilities {acceptInsecureCerts: false, browserName: chrome, browserVersion: 114.0.5735.133, chrome: {chromedriverVersion: 114.0.5735.90 (386bc09e8f4f..., userDataDir: /tmp/.com.google.Chrome.1tPNJ9}, goog:chromeOptions: {debuggerAddress: localhost:33079}, javascriptEnabled: true, networkConnectionEnabled: false, pageLoadStrategy: normal, platform: LINUX, platformName: LINUX, proxy: Proxy(), se:bidiEnabled: false, se:cdp: ws://10.80.3.53:4444/sessio..., se:cdpVersion: 114.0.5735.133, se:vnc: ws://10.80.3.53:4444/sessio..., se:vncEnabled: true, se:vncLocalAddress: ws://10.80.3.53:7900, setWindowRect: true, strictFileInteractability: false, timeouts: {implicit: 0, pageLoad: 300000, script: 30000}, unhandledPromptBehavior: dismiss and notify, webauthn:extension:credBlob: true, webauthn:extension:largeBlob: true, webauthn:extension:minPinLength: true, webauthn:extension:prf: true, webauthn:virtualAuthenticators: true}
Session ID: 9d406abd7da8c7b7cb9e499e17d7c257
*** Element info: {Using=tag name, value=a}
	at test.java.ai.iamneo.testing.Testing_Selenium_TestNg.AppTest.testcase_2(AppTest.java:34)

